build/app/intermediates/manifest_merge_blame_file/release/manifest-merger-blame-release-report.txt
1<?xml version="1.0" encoding="utf-8"?>
2<manifest xmlns:android="http://schemas.android.com/apk/res/android"
3    package="com.ryanheise.audioserviceexample"
4    android:versionCode="1"
5    android:versionName="1.0" >
6
7    <uses-sdk
8        android:minSdkVersion="21"
8-->src\main\AndroidManifest.xml
9        android:targetSdkVersion="28" />
9-->src\main\AndroidManifest.xml
10
11    <!--
12         The INTERNET permission is required for development. Specifically,
13         flutter needs it to communicate with the running application
14         to allow setting breakpoints, to provide hot reload, etc.
15    -->
16    <uses-permission android:name="android.permission.INTERNET" />
16-->src\main\AndroidManifest.xml:8:5-66
16-->src\main\AndroidManifest.xml:8:22-64
17    <uses-permission android:name="android.permission.WAKE_LOCK" />
17-->src\main\AndroidManifest.xml:9:5-67
17-->src\main\AndroidManifest.xml:9:22-65
18    <uses-permission android:name="android.permission.FOREGROUND_SERVICE" />
18-->src\main\AndroidManifest.xml:10:5-76
18-->src\main\AndroidManifest.xml:10:22-74
19    <uses-permission android:name="android.permission.ACCESS_NETWORK_STATE" />
19-->[com.google.android.exoplayer:exoplayer-core:2.15.0] AndroidManifest.xml:24:5-79
19-->[com.google.android.exoplayer:exoplayer-core:2.15.0] AndroidManifest.xml:24:22-76
20
21    <queries>
21-->[androidx.media2:media2-session:1.1.3] AndroidManifest.xml:24:5-34:15
22        <intent>
22-->[androidx.media2:media2-session:1.1.3] AndroidManifest.xml:25:9-27:18
23            <action android:name="android.media.browse.MediaBrowserService" />
23-->src\main\AndroidManifest.xml:35:17-83
23-->src\main\AndroidManifest.xml:35:25-80
24        </intent>
25        <intent>
25-->[androidx.media2:media2-session:1.1.3] AndroidManifest.xml:28:9-30:18
26            <action android:name="androidx.media2.session.MediaSessionService" />
26-->[androidx.media2:media2-session:1.1.3] AndroidManifest.xml:29:13-82
26-->[androidx.media2:media2-session:1.1.3] AndroidManifest.xml:29:21-79
27        </intent>
28        <intent>
28-->[androidx.media2:media2-session:1.1.3] AndroidManifest.xml:31:9-33:18
29            <action android:name="androidx.media2.session.MediaLibraryService" />
29-->[androidx.media2:media2-session:1.1.3] AndroidManifest.xml:32:13-82
29-->[androidx.media2:media2-session:1.1.3] AndroidManifest.xml:32:21-79
30        </intent>
31    </queries>
32    <!--
33 io.flutter.app.FlutterApplication is an android.app.Application that
34         calls FlutterMain.startInitialization(this); in its onCreate method.
35         In most cases you can leave this as-is, but you if you want to provide
36         additional functionality it is fine to subclass or reimplement
37         FlutterApplication and put your custom class here.
38    -->
39    <application
39-->src\main\AndroidManifest.xml:17:5-49:19
40        android:appComponentFactory="androidx.core.app.CoreComponentFactory"
40-->[androidx.core:core:1.6.0] AndroidManifest.xml:24:18-86
41        android:icon="@mipmap/ic_launcher"
41-->src\main\AndroidManifest.xml:19:9-43
42        android:label="COC Radio" >
42-->src\main\AndroidManifest.xml:18:9-34
43        <activity
43-->src\main\AndroidManifest.xml:20:9-31:20
44            android:name="com.ryanheise.audioservice.AudioServiceActivity"
44-->src\main\AndroidManifest.xml:21:13-75
45            android:configChanges="orientation|keyboardHidden|keyboard|screenSize|locale|layoutDirection|fontScale|screenLayout|density"
45-->src\main\AndroidManifest.xml:24:13-137
46            android:hardwareAccelerated="true"
46-->src\main\AndroidManifest.xml:25:13-47
47            android:launchMode="singleTop"
47-->src\main\AndroidManifest.xml:22:13-43
48            android:theme="@style/LaunchTheme"
48-->src\main\AndroidManifest.xml:23:13-47
49            android:windowSoftInputMode="adjustResize" >
49-->src\main\AndroidManifest.xml:26:13-55
50            <intent-filter>
50-->src\main\AndroidManifest.xml:27:13-30:29
51                <action android:name="android.intent.action.MAIN" />
51-->src\main\AndroidManifest.xml:28:17-68
51-->src\main\AndroidManifest.xml:28:25-66
52
53                <category android:name="android.intent.category.LAUNCHER" />
53-->src\main\AndroidManifest.xml:29:17-76
53-->src\main\AndroidManifest.xml:29:27-74
54            </intent-filter>
55        </activity>
56
57        <service android:name="com.ryanheise.audioservice.AudioService" >
57-->src\main\AndroidManifest.xml:33:9-37:19
57-->src\main\AndroidManifest.xml:33:18-72
58            <intent-filter>
58-->src\main\AndroidManifest.xml:34:13-36:29
59                <action android:name="android.media.browse.MediaBrowserService" />
59-->src\main\AndroidManifest.xml:35:17-83
59-->src\main\AndroidManifest.xml:35:25-80
60            </intent-filter>
61        </service>
62
63        <receiver android:name="com.ryanheise.audioservice.MediaButtonReceiver" >
63-->src\main\AndroidManifest.xml:39:9-43:20
63-->src\main\AndroidManifest.xml:39:19-80
64            <intent-filter>
64-->src\main\AndroidManifest.xml:40:13-42:29
65                <action android:name="android.intent.action.MEDIA_BUTTON" />
65-->src\main\AndroidManifest.xml:41:17-77
65-->src\main\AndroidManifest.xml:41:25-74
66            </intent-filter>
67        </receiver>
68
69        <meta-data
69-->src\main\AndroidManifest.xml:45:9-47:33
70            android:name="flutterEmbedding"
70-->src\main\AndroidManifest.xml:46:13-44
71            android:value="2" />
71-->src\main\AndroidManifest.xml:47:13-30
72    </application>
73
74</manifest>